#
# A fatal error has been detected by the Java Runtime Environment:
#
#  SIGSEGV (0xb) at pc=0x00007fff94fa1097, pid=1473, tid=3335
#
# JRE version: Java(TM) SE Runtime Environment (7.0_79-b15) (build 1.7.0_79-b15)
# Java VM: Java HotSpot(TM) 64-Bit Server VM (24.79-b02 mixed mode bsd-amd64 compressed oops)
# Problematic frame:
# C  [libobjc.A.dylib+0x5097]  objc_msgSend+0x17
#
# Failed to write core dump. Core dumps have been disabled. To enable core dumping, try "ulimit -c unlimited" before starting Java again
#
# If you would like to submit a bug report, please visit:
#   http://bugreport.java.com/bugreport/crash.jsp
# The crash happened outside the Java Virtual Machine in native code.
# See problematic frame for where to report the bug.
#

---------------  T H R E A D  ---------------

Current thread (0x00007f9a410ef000):  JavaThread "AppKit Thread" daemon [_thread_in_native, id=3335, stack(0x00007fff5f0d9000,0x00007fff5f159000)]

siginfo:si_signo=SIGSEGV: si_errno=0, si_code=0 (SEGV0), si_addr=0x0000000000000000

Registers:
RAX=0x00007f9a40e065d0, RBX=0x00000000000f42ef, RCX=0x0000000000000000, RDX=0x00007f9a40e38d60
RSP=0x00007fff5f153a28, RBP=0x00007fff5f153a30, RSI=0x00007fff96bb7b9f, RDI=0x00007f9a40e065d0
R8 =0x0000000000000040, R9 =0x00007fff5f153a00, R10=0x00007fff96bb7b9f, R11=0x6000000000000000
R12=0x00000000000f42ef, R13=0x00007fff5f153bf8, R14=0x00007f9a40e5cf70, R15=0x00007fff5f153b58
RIP=0x00007fff94fa1097, EFLAGS=0x0000000000010246, ERR=0x0000000000000000
  TRAPNO=0x000000000000000d

Top of Stack: (sp=0x00007fff5f153a28)
0x00007fff5f153a28:   00007fff8ff23e0c 00007fff5f153d90
0x00007fff5f153a38:   00007fff8fe1782d 0000000000000003
0x00007fff5f153a48:   0000000100ac3a00 00007fff5f153a90
0x00007fff5f153a58:   00007fff92589272 0000000000000798
0x00007fff5f153a68:   00000000000f42f1 0000000000000002
0x00007fff5f153a78:   00007f9a40e47850 00007f9a40e47190
0x00007fff5f153a88:   00007f9a40f06dc0 00007f9a40e38d60
0x00007fff5f153a98:   00007fff5f153b50 0000000000000000
0x00007fff5f153aa8:   00000000000f42ef 0000000000000051
0x00007fff5f153ab8:   00007fff5f153bd0 0000000000000000
0x00007fff5f153ac8:   0000000000000001 00007f9a40f06db0
0x00007fff5f153ad8:   000000000000004f 000000000004bf2a
0x00007fff5f153ae8:   0000010000000000 00007fff7a4a6a60
0x00007fff5f153af8:   0000206000a766ea 00007fff5f153c50
0x00007fff5f153b08:   0000000000000000 00007fff5f153be8
0x00007fff5f153b18:   00007fff5f153bc8 00007fff7a4a6a48
0x00007fff5f153b28:   0000000000000000 000000000000000f
0x00007fff5f153b38:   00007fff93a766ea 00007fff7b79bd38
0x00007fff5f153b48:   0000000000000000 00007f9a40e478d0
0x00007fff5f153b58:   00007f9a40e5cf70 00007fff94f6cb08
0x00007fff5f153b68:   0000000000000000 00007fff5f153c30
0x00007fff5f153b78:   00007fff91e61dde 00007fff7b3b30d0
0x00007fff5f153b88:   0000000042000000 00007fff91e6a1d1
0x00007fff5f153b98:   00007fff7a482b40 00007fff5f153c98
0x00007fff5f153ba8:   00007fff5f153bc8 00007fff5f153be8
0x00007fff5f153bb8:   0000000000000000 0000000100ac0001
0x00007fff5f153bc8:   0000000000000000 000000000000004d
0x00007fff5f153bd8:   0000000000000000 00000000000f42e8
0x00007fff5f153be8:   000000000000004f 0000000000000000
0x00007fff5f153bf8:   00000000000f42ef 000000015f153ca0
0x00007fff5f153c08:   00007fff93a77261 00007fff7b3c0748
0x00007fff5f153c18:   00007fff7b3c074c 000000007b3bc1b8 

Instructions: (pc=0x00007fff94fa1097)
0x00007fff94fa1077:   90 90 90 90 90 90 90 90 90 48 85 ff 2e 74 72 40
0x00007fff94fa1087:   f6 c7 01 2e 0f 85 7e 00 00 00 4c 8b 1f 49 89 f2
0x00007fff94fa1097:   45 23 53 18 49 c1 e2 04 4d 03 53 10 49 3b 32 75
0x00007fff94fa10a7:   04 41 ff 62 08 49 83 3a 00 74 74 4d 3b 53 10 74 

Register to memory mapping:

RAX=0x00007f9a40e065d0 is an unknown value
RBX=0x00000000000f42ef is an unknown value
RCX=0x0000000000000000 is an unknown value
RDX=0x00007f9a40e38d60 is an unknown value
RSP=0x00007fff5f153a28 is pointing into the stack for thread: 0x00007f9a410ef000
RBP=0x00007fff5f153a30 is pointing into the stack for thread: 0x00007f9a410ef000
RSI=0x00007fff96bb7b9f: NSAppKitVersionNumber+0x5358f in /System/Library/Frameworks/AppKit.framework/Versions/C/AppKit at 0x00007fff96114000
RDI=0x00007f9a40e065d0 is an unknown value
R8 =0x0000000000000040 is an unknown value
R9 =0x00007fff5f153a00 is pointing into the stack for thread: 0x00007f9a410ef000
R10=0x00007fff96bb7b9f: NSAppKitVersionNumber+0x5358f in /System/Library/Frameworks/AppKit.framework/Versions/C/AppKit at 0x00007fff96114000
R11=0x6000000000000000 is an unknown value
R12=0x00000000000f42ef is an unknown value
R13=0x00007fff5f153bf8 is pointing into the stack for thread: 0x00007f9a410ef000
R14=0x00007f9a40e5cf70 is an unknown value
R15=0x00007fff5f153b58 is pointing into the stack for thread: 0x00007f9a410ef000


Stack: [0x00007fff5f0d9000,0x00007fff5f159000],  sp=0x00007fff5f153a28,  free space=490k
Native frames: (J=compiled Java code, j=interpreted, Vv=VM code, C=native code)
C  [libobjc.A.dylib+0x5097]  objc_msgSend+0x17
C  [CoreFoundation+0x1082d]  _CFXNotificationPost+0xb4d
C  [Foundation+0x2e4a]  -[NSNotificationCenter postNotificationName:object:userInfo:]+0x44
C  [AppKit+0x10f5a9]  -[NSSurface _disposeSurface]+0x98
C  [AppKit+0x10f045]  -[NSSurface setWindow:]+0x46
C  [AppKit+0x3af27]  -[NSView _setWindow:]+0x8ea
C  [AppKit+0x3bf7a]  -[NSView removeFromSuperview]+0x15e
C  [AppKit+0x986e9]  -[NSView removeFromSuperviewWithoutNeedingDisplay]+0x26
C  [liblwjgl.dylib+0xa205]  +[MacOSXKeyableWindow destroyWindow]+0xb5
C  [Foundation+0x637ce]  __NSThreadPerformPerform+0xe5
C  [CoreFoundation+0x7f5b1]  __CFRUNLOOP_IS_CALLING_OUT_TO_A_SOURCE0_PERFORM_FUNCTION__+0x11
C  [CoreFoundation+0x70c62]  __CFRunLoopDoSources0+0xf2
C  [CoreFoundation+0x703ef]  __CFRunLoopRun+0x33f
C  [CoreFoundation+0x6fe75]  CFRunLoopRunSpecific+0x135
C  [HIToolbox+0x2ea0d]  RunCurrentEventLoopInMode+0xe2
C  [HIToolbox+0x2e7b7]  ReceiveNextEventCommon+0x1df
C  [HIToolbox+0x2e5bc]  _BlockUntilNextEventMatchingListInModeWithFilter+0x41
C  [AppKit+0x2424e]  _DPSNextEvent+0x59a
C  [AppKit+0x2389b]  -[NSApplication nextEventMatchingMask:untilDate:inMode:dequeue:]+0x7a
C  [libosxapp.dylib+0x24e3]  -[NSApplicationAWT nextEventMatchingMask:untilDate:inMode:dequeue:]+0x7c
C  [AppKit+0x1799c]  -[NSApplication run]+0x229
C  [libosxapp.dylib+0x2346]  +[NSApplicationAWT runAWTLoopWithApp:]+0x9c
C  [liblwawt.dylib+0xe17d]  -[AWTStarter starter:]+0x369
C  [Foundation+0x637ce]  __NSThreadPerformPerform+0xe5
C  [CoreFoundation+0x7f5b1]  __CFRUNLOOP_IS_CALLING_OUT_TO_A_SOURCE0_PERFORM_FUNCTION__+0x11
C  [CoreFoundation+0x70c62]  __CFRunLoopDoSources0+0xf2
C  [CoreFoundation+0x703ef]  __CFRunLoopRun+0x33f
C  [CoreFoundation+0x6fe75]  CFRunLoopRunSpecific+0x135
C  [java+0x73b0]  CreateExecutionEnvironment+0x367
C  [java+0x1b5c]  JLI_Launch+0x7a0
C  [java+0x770d]  main+0x65
C  [java+0x13b4]  start+0x34


---------------  P R O C E S S  ---------------

Java Threads: ( => current thread )
  0x00007f9a41151000 JavaThread "AWT-Shutdown" [_thread_blocked, id=29451, stack(0x0000000112121000,0x0000000112221000)]
  0x00007f9a420ca000 JavaThread "DestroyJavaVM" [_thread_blocked, id=6403, stack(0x0000000101e64000,0x0000000101f64000)]
  0x00007f9a428de000 JavaThread "LWJGL Application" [_thread_in_native, id=63235, stack(0x00000001107eb000,0x00000001108eb000)]
=>0x00007f9a410ef000 JavaThread "AppKit Thread" daemon [_thread_in_native, id=3335, stack(0x00007fff5f0d9000,0x00007fff5f159000)]
  0x00007f9a41820000 JavaThread "Service Thread" daemon [_thread_blocked, id=19203, stack(0x000000010bc3d000,0x000000010bd3d000)]
  0x00007f9a41819800 JavaThread "C2 CompilerThread1" daemon [_thread_blocked, id=18691, stack(0x000000010bb3a000,0x000000010bc3a000)]
  0x00007f9a4181e800 JavaThread "C2 CompilerThread0" daemon [_thread_blocked, id=18179, stack(0x000000010ba37000,0x000000010bb37000)]
  0x00007f9a41819000 JavaThread "Signal Dispatcher" daemon [_thread_blocked, id=17667, stack(0x000000010b934000,0x000000010ba34000)]
  0x00007f9a41029800 JavaThread "Finalizer" daemon [_thread_blocked, id=12547, stack(0x000000010b6e5000,0x000000010b7e5000)]
  0x00007f9a41029000 JavaThread "Reference Handler" daemon [_thread_blocked, id=12035, stack(0x000000010b5e2000,0x000000010b6e2000)]

Other Threads:
  0x00007f9a41026000 VMThread [stack: 0x000000010b4df000,0x000000010b5df000] [id=11523]
  0x00007f9a4281c800 WatcherThread [stack: 0x000000010bd40000,0x000000010be40000] [id=19715]

VM state:not at safepoint (normal execution)

VM Mutex/Monitor currently owned by a thread: None

Heap
 PSYoungGen      total 38912K, used 20768K [0x00000007d5500000, 0x00000007d8000000, 0x0000000800000000)
  eden space 33792K, 61% used [0x00000007d5500000,0x00000007d6948398,0x00000007d7600000)
  from space 5120K, 0% used [0x00000007d7b00000,0x00000007d7b00000,0x00000007d8000000)
  to   space 5120K, 0% used [0x00000007d7600000,0x00000007d7600000,0x00000007d7b00000)
 ParOldGen       total 87040K, used 0K [0x0000000780000000, 0x0000000785500000, 0x00000007d5500000)
  object space 87040K, 0% used [0x0000000780000000,0x0000000780000000,0x0000000785500000)
 PSPermGen       total 21504K, used 9838K [0x000000077ae00000, 0x000000077c300000, 0x0000000780000000)
  object space 21504K, 45% used [0x000000077ae00000,0x000000077b79bac0,0x000000077c300000)

Card table byte_map: [0x0000000105037000,0x0000000105461000] byte_map_base: 0x0000000101460000

Polling page: 0x0000000100bf8000

Code Cache  [0x0000000101f77000, 0x00000001021e7000, 0x0000000104f77000)
 total_blobs=514 nmethods=115 adapters=353 free_code_cache=48401Kb largest_free_block=49530176

Compilation events (10 events):
Event: 12.589 Thread 0x00007f9a41819800  108             com.badlogic.gdx.utils.Array::get (54 bytes)
Event: 12.590 Thread 0x00007f9a41819800 nmethod 108 0x0000000102031710 code [0x0000000102031860, 0x0000000102031918]
Event: 13.040 Thread 0x00007f9a4181e800  109             com.badlogic.gdx.graphics.glutils.IndexArray::getBuffer (5 bytes)
Event: 13.040 Thread 0x00007f9a4181e800 nmethod 109 0x0000000102031510 code [0x0000000102031640, 0x00000001020316b8]
Event: 13.043 Thread 0x00007f9a41819800  112             com.badlogic.gdx.graphics.glutils.IndexArray::getNumIndices (19 bytes)
Event: 13.043 Thread 0x00007f9a41819800 nmethod 112 0x0000000102028410 code [0x0000000102028540, 0x00000001020285d8]
Event: 13.206 Thread 0x00007f9a4181e800  114             java.nio.HeapByteBuffer::ix (7 bytes)
Event: 13.207 Thread 0x00007f9a4181e800 nmethod 114 0x0000000102030c10 code [0x0000000102030d40, 0x0000000102030d98]
Event: 14.090 Thread 0x00007f9a41819800  115             com.badlogic.gdx.graphics.g2d.BitmapFontCache::addToCache (323 bytes)
Event: 14.120 Thread 0x00007f9a41819800 nmethod 115 0x0000000102037f50 code [0x0000000102038220, 0x0000000102039540]

GC Heap History (0 events):
No events

Deoptimization events (4 events):
Event: 10.468 Thread 0x00007f9a428de000 Uncommon trap: reason=class_check action=maybe_recompile pc=0x0000000101fdd244 method=java.util.Properties$LineReader.readLine()I @ 62
Event: 10.468 Thread 0x00007f9a428de000 Uncommon trap: reason=class_check action=maybe_recompile pc=0x0000000101fdd244 method=java.util.Properties$LineReader.readLine()I @ 62
Event: 10.471 Thread 0x00007f9a428de000 Uncommon trap: reason=class_check action=maybe_recompile pc=0x0000000101fdd244 method=java.util.Properties$LineReader.readLine()I @ 62
Event: 10.471 Thread 0x00007f9a428de000 Uncommon trap: reason=class_check action=maybe_recompile pc=0x0000000101fdd244 method=java.util.Properties$LineReader.readLine()I @ 62

Internal exceptions (10 events):
Event: 9.240 Thread 0x00007f9a428de000 Threw 0x00000007d6619dd0 at /HUDSON/workspace/7u-2-build-macosx-x86_64/jdk7u79/2331/hotspot/src/share/vm/prims/jvm.cpp:1304
Event: 9.240 Thread 0x00007f9a428de000 Threw 0x00000007d661fd78 at /HUDSON/workspace/7u-2-build-macosx-x86_64/jdk7u79/2331/hotspot/src/share/vm/prims/jvm.cpp:1304
Event: 10.468 Thread 0x00007f9a428de000 Threw 0x00000007d6667968 at /HUDSON/workspace/7u-2-build-macosx-x86_64/jdk7u79/2331/hotspot/src/share/vm/prims/jvm.cpp:1304
Event: 10.468 Thread 0x00007f9a428de000 Threw 0x00000007d666bf58 at /HUDSON/workspace/7u-2-build-macosx-x86_64/jdk7u79/2331/hotspot/src/share/vm/prims/jvm.cpp:1304
Event: 10.468 Thread 0x00007f9a428de000 Threw 0x00000007d6673a80 at /HUDSON/workspace/7u-2-build-macosx-x86_64/jdk7u79/2331/hotspot/src/share/vm/prims/jvm.cpp:1304
Event: 10.469 Thread 0x00007f9a428de000 Threw 0x00000007d6678248 at /HUDSON/workspace/7u-2-build-macosx-x86_64/jdk7u79/2331/hotspot/src/share/vm/prims/jvm.cpp:1304
Event: 10.469 Thread 0x00007f9a428de000 Threw 0x00000007d6680ac8 at /HUDSON/workspace/7u-2-build-macosx-x86_64/jdk7u79/2331/hotspot/src/share/vm/prims/jvm.cpp:1304
Event: 10.469 Thread 0x00007f9a428de000 Threw 0x00000007d6685518 at /HUDSON/workspace/7u-2-build-macosx-x86_64/jdk7u79/2331/hotspot/src/share/vm/prims/jvm.cpp:1304
Event: 14.739 Thread 0x00007f9a428de000 Threw 0x00000007d6844f60 at /HUDSON/workspace/7u-2-build-macosx-x86_64/jdk7u79/2331/hotspot/src/share/vm/prims/jvm.cpp:1304
Event: 14.746 Thread 0x00007f9a428de000 Threw 0x00000007d6849fe0 at /HUDSON/workspace/7u-2-build-macosx-x86_64/jdk7u79/2331/hotspot/src/share/vm/prims/jvm.cpp:1304

Events (10 events):
Event: 10.510 loading class 0x00007f9a420f82c0
Event: 10.510 loading class 0x00007f9a420f82c0 done
Event: 11.740 Thread 0x00007f9a41151000 Thread added: 0x00007f9a41151000
Event: 14.739 loading class 0x00007f9a40f0a680
Event: 14.739 loading class 0x00007f9a40f0a680 done
Event: 14.740 Executing VM operation: RevokeBias
Event: 14.740 Executing VM operation: RevokeBias done
Event: 14.740 Thread 0x00007f9a428e6800 Thread exited: 0x00007f9a428e6800
Event: 14.746 loading class 0x00007f9a40f44020
Event: 14.746 loading class 0x00007f9a40f44020 done


Dynamic libraries:
0x0000000008f9c000 	/System/Library/Frameworks/Cocoa.framework/Versions/A/Cocoa
0x0000000008f9c000 	/System/Library/Frameworks/Security.framework/Versions/A/Security
0x0000000008f9c000 	/System/Library/Frameworks/ApplicationServices.framework/Versions/A/ApplicationServices
0x0000000008f9c000 	/usr/lib/libz.1.dylib
0x0000000008f9c000 	/usr/lib/libSystem.B.dylib
0x0000000008f9c000 	/usr/lib/libobjc.A.dylib
0x0000000008f9c000 	/System/Library/Frameworks/CoreFoundation.framework/Versions/A/CoreFoundation
0x0000000008f9c000 	/System/Library/Frameworks/Foundation.framework/Versions/C/Foundation
0x0000000008f9c000 	/System/Library/Frameworks/AppKit.framework/Versions/C/AppKit
0x0000000008f9c000 	/System/Library/Frameworks/CoreData.framework/Versions/A/CoreData
0x0000000008f9c000 	/System/Library/PrivateFrameworks/RemoteViewServices.framework/Versions/A/RemoteViewServices
0x0000000008f9c000 	/System/Library/Frameworks/AudioToolbox.framework/Versions/A/AudioToolbox
0x0000000008f9c000 	/System/Library/Frameworks/AudioUnit.framework/Versions/A/AudioUnit
0x0000000008f9c000 	/System/Library/PrivateFrameworks/DataDetectorsCore.framework/Versions/A/DataDetectorsCore
0x0000000008f9c000 	/System/Library/PrivateFrameworks/DesktopServicesPriv.framework/Versions/A/DesktopServicesPriv
0x0000000008f9c000 	/System/Library/Frameworks/Carbon.framework/Versions/A/Frameworks/HIToolbox.framework/Versions/A/HIToolbox
0x0000000008f9c000 	/System/Library/Frameworks/QuartzCore.framework/Versions/A/QuartzCore
0x0000000008f9c000 	/System/Library/Frameworks/Carbon.framework/Versions/A/Frameworks/SpeechRecognition.framework/Versions/A/SpeechRecognition
0x0000000008f9c000 	/usr/lib/libauto.dylib
0x0000000008f9c000 	/usr/lib/libicucore.A.dylib
0x0000000008f9c000 	/usr/lib/libxml2.2.dylib
0x0000000008f9c000 	/System/Library/PrivateFrameworks/CoreUI.framework/Versions/A/CoreUI
0x0000000008f9c000 	/System/Library/Frameworks/CoreAudio.framework/Versions/A/CoreAudio
0x0000000008f9c000 	/System/Library/Frameworks/DiskArbitration.framework/Versions/A/DiskArbitration
0x0000000008f9c000 	/usr/lib/liblangid.dylib
0x0000000008f9c000 	/System/Library/PrivateFrameworks/MultitouchSupport.framework/Versions/A/MultitouchSupport
0x0000000008f9c000 	/System/Library/Frameworks/IOKit.framework/Versions/A/IOKit
0x0000000008f9c000 	/usr/lib/libDiagnosticMessagesClient.dylib
0x0000000008f9c000 	/System/Library/Frameworks/CoreServices.framework/Versions/A/CoreServices
0x0000000008f9c000 	/System/Library/PrivateFrameworks/PerformanceAnalysis.framework/Versions/A/PerformanceAnalysis
0x0000000008f9c000 	/System/Library/PrivateFrameworks/GenerationalStorage.framework/Versions/A/GenerationalStorage
0x0000000008f9c000 	/System/Library/Frameworks/OpenGL.framework/Versions/A/OpenGL
0x0000000008f9c000 	/System/Library/PrivateFrameworks/Sharing.framework/Versions/A/Sharing
0x0000000008f9c000 	/System/Library/Frameworks/ImageIO.framework/Versions/A/ImageIO
0x0000000008f9c000 	/System/Library/Frameworks/CoreText.framework/Versions/A/CoreText
0x0000000008f9c000 	/System/Library/Frameworks/CoreGraphics.framework/Versions/A/CoreGraphics
0x0000000008f9c000 	/System/Library/PrivateFrameworks/Backup.framework/Versions/A/Backup
0x0000000008f9c000 	/System/Library/Frameworks/CFNetwork.framework/Versions/A/CFNetwork
0x0000000008f9c000 	/System/Library/Frameworks/SystemConfiguration.framework/Versions/A/SystemConfiguration
0x0000000008f9c000 	/usr/lib/libCRFSuite.dylib
0x0000000008f9c000 	/usr/lib/libc++.1.dylib
0x0000000008f9c000 	/usr/lib/libc++abi.dylib
0x0000000008f9c000 	/usr/lib/system/libcache.dylib
0x0000000008f9c000 	/usr/lib/system/libcommonCrypto.dylib
0x0000000008f9c000 	/usr/lib/system/libcompiler_rt.dylib
0x0000000008f9c000 	/usr/lib/system/libcopyfile.dylib
0x0000000008f9c000 	/usr/lib/system/libcorecrypto.dylib
0x0000000008f9c000 	/usr/lib/system/libdispatch.dylib
0x0000000008f9c000 	/usr/lib/system/libdyld.dylib
0x0000000008f9c000 	/usr/lib/system/libkeymgr.dylib
0x0000000008f9c000 	/usr/lib/system/liblaunch.dylib
0x0000000008f9c000 	/usr/lib/system/libmacho.dylib
0x0000000008f9c000 	/usr/lib/system/libquarantine.dylib
0x0000000008f9c000 	/usr/lib/system/libremovefile.dylib
0x0000000008f9c000 	/usr/lib/system/libsystem_asl.dylib
0x0000000008f9c000 	/usr/lib/system/libsystem_blocks.dylib
0x0000000008f9c000 	/usr/lib/system/libsystem_c.dylib
0x0000000008f9c000 	/usr/lib/system/libsystem_configuration.dylib
0x0000000008f9c000 	/usr/lib/system/libsystem_dnssd.dylib
0x0000000008f9c000 	/usr/lib/system/libsystem_info.dylib
0x0000000008f9c000 	/usr/lib/system/libsystem_kernel.dylib
0x0000000008f9c000 	/usr/lib/system/libsystem_m.dylib
0x0000000008f9c000 	/usr/lib/system/libsystem_malloc.dylib
0x0000000008f9c000 	/usr/lib/system/libsystem_network.dylib
0x0000000008f9c000 	/usr/lib/system/libsystem_notify.dylib
0x0000000008f9c000 	/usr/lib/system/libsystem_platform.dylib
0x0000000008f9c000 	/usr/lib/system/libsystem_pthread.dylib
0x0000000008f9c000 	/usr/lib/system/libsystem_sandbox.dylib
0x0000000008f9c000 	/usr/lib/system/libsystem_stats.dylib
0x0000000008f9c000 	/usr/lib/system/libunc.dylib
0x0000000008f9c000 	/usr/lib/system/libunwind.dylib
0x0000000008f9c000 	/usr/lib/system/libxpc.dylib
0x0000000008f9c000 	/usr/lib/libbsm.0.dylib
0x0000000008f9c000 	/usr/lib/libsqlite3.dylib
0x0000000008f9c000 	/usr/lib/libxar.1.dylib
0x0000000008f9c000 	/usr/lib/libpam.2.dylib
0x0000000008f9c000 	/usr/lib/libOpenScriptingUtil.dylib
0x0000000008f9c000 	/usr/lib/libbz2.1.0.dylib
0x0000000008f9c000 	/System/Library/Frameworks/CoreServices.framework/Versions/A/Frameworks/CarbonCore.framework/Versions/A/CarbonCore
0x0000000008f9c000 	/System/Library/Frameworks/CoreServices.framework/Versions/A/Frameworks/Metadata.framework/Versions/A/Metadata
0x0000000008f9c000 	/System/Library/Frameworks/CoreServices.framework/Versions/A/Frameworks/OSServices.framework/Versions/A/OSServices
0x0000000008f9c000 	/System/Library/Frameworks/CoreServices.framework/Versions/A/Frameworks/SearchKit.framework/Versions/A/SearchKit
0x0000000008f9c000 	/System/Library/Frameworks/CoreServices.framework/Versions/A/Frameworks/AE.framework/Versions/A/AE
0x0000000008f9c000 	/System/Library/Frameworks/CoreServices.framework/Versions/A/Frameworks/LaunchServices.framework/Versions/A/LaunchServices
0x0000000008f9c000 	/System/Library/Frameworks/CoreServices.framework/Versions/A/Frameworks/DictionaryServices.framework/Versions/A/DictionaryServices
0x0000000008f9c000 	/System/Library/Frameworks/NetFS.framework/Versions/A/NetFS
0x0000000008f9c000 	/usr/lib/system/libkxld.dylib
0x0000000008f9c000 	/System/Library/PrivateFrameworks/NetAuth.framework/Versions/A/NetAuth
0x0000000008f9c000 	/System/Library/PrivateFrameworks/TCC.framework/Versions/A/TCC
0x0000000008f9c000 	/System/Library/Frameworks/OpenDirectory.framework/Versions/A/Frameworks/CFOpenDirectory.framework/Versions/A/CFOpenDirectory
0x0000000008f9c000 	/System/Library/Frameworks/ServiceManagement.framework/Versions/A/ServiceManagement
0x0000000008f9c000 	/usr/lib/libxslt.1.dylib
0x0000000008f9c000 	/System/Library/Frameworks/Carbon.framework/Versions/A/Frameworks/Ink.framework/Versions/A/Ink
0x0000000008f9c000 	/System/Library/Frameworks/ApplicationServices.framework/Versions/A/Frameworks/ATS.framework/Versions/A/ATS
0x0000000008f9c000 	/System/Library/Frameworks/ApplicationServices.framework/Versions/A/Frameworks/ColorSync.framework/Versions/A/ColorSync
0x0000000008f9c000 	/System/Library/Frameworks/ApplicationServices.framework/Versions/A/Frameworks/HIServices.framework/Versions/A/HIServices
0x0000000008f9c000 	/System/Library/Frameworks/ApplicationServices.framework/Versions/A/Frameworks/LangAnalysis.framework/Versions/A/LangAnalysis
0x0000000008f9c000 	/System/Library/Frameworks/ApplicationServices.framework/Versions/A/Frameworks/PrintCore.framework/Versions/A/PrintCore
0x0000000008f9c000 	/System/Library/Frameworks/ApplicationServices.framework/Versions/A/Frameworks/QD.framework/Versions/A/QD
0x0000000008f9c000 	/System/Library/Frameworks/ApplicationServices.framework/Versions/A/Frameworks/SpeechSynthesis.framework/Versions/A/SpeechSynthesis
0x0000000008f9c000 	/System/Library/Frameworks/IOSurface.framework/Versions/A/IOSurface
0x0000000008f9c000 	/System/Library/Frameworks/Accelerate.framework/Versions/A/Accelerate
0x0000000008f9c000 	/System/Library/Frameworks/Accelerate.framework/Versions/A/Frameworks/vImage.framework/Versions/A/vImage
0x0000000008f9c000 	/System/Library/Frameworks/Accelerate.framework/Versions/A/Frameworks/vecLib.framework/Versions/A/vecLib
0x0000000008f9c000 	/System/Library/Frameworks/Accelerate.framework/Versions/A/Frameworks/vecLib.framework/Versions/A/libvDSP.dylib
0x0000000008f9c000 	/System/Library/Frameworks/Accelerate.framework/Versions/A/Frameworks/vecLib.framework/Versions/A/libvMisc.dylib
0x0000000008f9c000 	/System/Library/Frameworks/Accelerate.framework/Versions/A/Frameworks/vecLib.framework/Versions/A/libLAPACK.dylib
0x0000000008f9c000 	/System/Library/Frameworks/Accelerate.framework/Versions/A/Frameworks/vecLib.framework/Versions/A/libBLAS.dylib
0x0000000008f9c000 	/System/Library/Frameworks/ApplicationServices.framework/Versions/A/Frameworks/ATS.framework/Versions/A/Resources/libFontParser.dylib
0x0000000008f9c000 	/System/Library/Frameworks/ApplicationServices.framework/Versions/A/Frameworks/ATS.framework/Versions/A/Resources/libFontRegistry.dylib
0x0000000008f9c000 	/System/Library/Frameworks/ImageIO.framework/Versions/A/Resources/libJPEG.dylib
0x0000000008f9c000 	/System/Library/Frameworks/ImageIO.framework/Versions/A/Resources/libTIFF.dylib
0x0000000008f9c000 	/System/Library/Frameworks/ImageIO.framework/Versions/A/Resources/libPng.dylib
0x0000000008f9c000 	/System/Library/Frameworks/ImageIO.framework/Versions/A/Resources/libGIF.dylib
0x0000000008f9c000 	/System/Library/Frameworks/ImageIO.framework/Versions/A/Resources/libJP2.dylib
0x0000000008f9c000 	/System/Library/Frameworks/ImageIO.framework/Versions/A/Resources/libRadiance.dylib
0x0000000008f9c000 	/usr/lib/libcups.2.dylib
0x0000000008f9c000 	/System/Library/Frameworks/Kerberos.framework/Versions/A/Kerberos
0x0000000008f9c000 	/System/Library/Frameworks/GSS.framework/Versions/A/GSS
0x0000000008f9c000 	/usr/lib/libresolv.9.dylib
0x0000000008f9c000 	/usr/lib/libiconv.2.dylib
0x0000000008f9c000 	/System/Library/PrivateFrameworks/Heimdal.framework/Versions/A/Heimdal
0x0000000008f9c000 	/System/Library/PrivateFrameworks/TrustEvaluationAgent.framework/Versions/A/TrustEvaluationAgent
0x0000000008f9c000 	/usr/lib/libheimdal-asn1.dylib
0x0000000008f9c000 	/System/Library/Frameworks/OpenDirectory.framework/Versions/A/OpenDirectory
0x0000000008f9c000 	/System/Library/PrivateFrameworks/CommonAuth.framework/Versions/A/CommonAuth
0x0000000008f9c000 	/System/Library/Frameworks/SecurityFoundation.framework/Versions/A/SecurityFoundation
0x0000000008f9c000 	/System/Library/PrivateFrameworks/Bom.framework/Versions/A/Bom
0x0000000008f9c000 	/System/Library/Frameworks/CoreVideo.framework/Versions/A/CoreVideo
0x0000000008f9c000 	/System/Library/Frameworks/QuartzCore.framework/Versions/A/Frameworks/CoreImage.framework/Versions/A/CoreImage
0x0000000008f9c000 	/System/Library/Frameworks/QuartzCore.framework/Versions/A/Frameworks/ScalableUserInterface.framework/Versions/A/ScalableUserInterface
0x0000000008f9c000 	/System/Library/Frameworks/OpenGL.framework/Versions/A/Libraries/libGLU.dylib
0x0000000008f9c000 	/System/Library/Frameworks/OpenGL.framework/Versions/A/Libraries/libGFXShared.dylib
0x0000000008f9c000 	/System/Library/Frameworks/OpenGL.framework/Versions/A/Libraries/libGL.dylib
0x0000000008f9c000 	/System/Library/Frameworks/OpenGL.framework/Versions/A/Libraries/libGLImage.dylib
0x0000000008f9c000 	/System/Library/Frameworks/OpenGL.framework/Versions/A/Libraries/libCVMSPluginSupport.dylib
0x0000000008f9c000 	/System/Library/Frameworks/OpenGL.framework/Versions/A/Libraries/libCoreVMClient.dylib
0x0000000008f9c000 	/System/Library/PrivateFrameworks/FaceCore.framework/Versions/A/FaceCore
0x0000000008f9c000 	/System/Library/PrivateFrameworks/CrashReporterSupport.framework/Versions/A/CrashReporterSupport
0x0000000008f9c000 	/System/Library/Frameworks/OpenCL.framework/Versions/A/OpenCL
0x0000000008f9c000 	/System/Library/PrivateFrameworks/AppleFSCompression.framework/Versions/A/AppleFSCompression
0x0000000008f9c000 	/System/Library/PrivateFrameworks/Ubiquity.framework/Versions/A/Ubiquity
0x0000000008f9c000 	/System/Library/PrivateFrameworks/IconServices.framework/Versions/A/IconServices
0x0000000008f9c000 	/System/Library/PrivateFrameworks/ChunkingLibrary.framework/Versions/A/ChunkingLibrary
0x0000000008f9c000 	/System/Library/PrivateFrameworks/CoreSymbolication.framework/Versions/A/CoreSymbolication
0x0000000008f9c000 	/System/Library/PrivateFrameworks/Symbolication.framework/Versions/A/Symbolication
0x0000000008f9c000 	/System/Library/PrivateFrameworks/DebugSymbols.framework/Versions/A/DebugSymbols
0x0000000101400000 	/Library/Java/JavaVirtualMachines/jdk1.7.0_79.jdk/Contents/Home/jre/lib/server/libjvm.dylib
0x0000000008f9c000 	/usr/lib/libstdc++.6.dylib
0x0000000100bbb000 	/Library/Java/JavaVirtualMachines/jdk1.7.0_79.jdk/Contents/Home/jre/lib/libverify.dylib
0x0000000100bc8000 	/Library/Java/JavaVirtualMachines/jdk1.7.0_79.jdk/Contents/Home/jre/lib/libjava.dylib
0x0000000101f6e000 	/Library/Java/JavaVirtualMachines/jdk1.7.0_79.jdk/Contents/Home/jre/lib/libzip.dylib
0x000000010b7e7000 	/System/Library/Frameworks/JavaVM.framework/Frameworks/JavaRuntimeSupport.framework/JavaRuntimeSupport
0x000000010b7ff000 	/System/Library/Frameworks/JavaVM.framework/Versions/A/Frameworks/JavaNativeFoundation.framework/Versions/A/JavaNativeFoundation
0x000000010b814000 	/System/Library/Frameworks/JavaVM.framework/Versions/A/JavaVM
0x0000000008f9c000 	/System/Library/Frameworks/Carbon.framework/Versions/A/Carbon
0x000000010b821000 	/System/Library/PrivateFrameworks/JavaLaunching.framework/Versions/A/JavaLaunching
0x0000000008f9c000 	/System/Library/Frameworks/Carbon.framework/Versions/A/Frameworks/CommonPanels.framework/Versions/A/CommonPanels
0x0000000008f9c000 	/System/Library/Frameworks/Carbon.framework/Versions/A/Frameworks/Help.framework/Versions/A/Help
0x0000000008f9c000 	/System/Library/Frameworks/Carbon.framework/Versions/A/Frameworks/ImageCapture.framework/Versions/A/ImageCapture
0x0000000008f9c000 	/System/Library/Frameworks/Carbon.framework/Versions/A/Frameworks/OpenScripting.framework/Versions/A/OpenScripting
0x0000000008f9c000 	/System/Library/Frameworks/Carbon.framework/Versions/A/Frameworks/Print.framework/Versions/A/Print
0x0000000008f9c000 	/System/Library/Frameworks/Carbon.framework/Versions/A/Frameworks/SecurityHI.framework/Versions/A/SecurityHI
0x000000010bedd000 	/private/var/folders/rn/4cwdxj2917x8tyvhwr7cymyc0000gn/T/libgdxomarfarooqi/d8ae55ed/libgdx64.dylib
0x000000010bf6b000 	/Library/Java/JavaVirtualMachines/jdk1.7.0_79.jdk/Contents/Home/jre/lib/libawt.dylib
0x000000010c03e000 	/Library/Java/JavaVirtualMachines/jdk1.7.0_79.jdk/Contents/Home/jre/lib/./libmlib_image.dylib
0x000000010c10a000 	/Library/Java/JavaVirtualMachines/jdk1.7.0_79.jdk/Contents/Home/jre/lib/lwawt/liblwawt.dylib
0x000000010c1c0000 	/Library/Java/JavaVirtualMachines/jdk1.7.0_79.jdk/Contents/Home/jre/lib/libosxapp.dylib
0x0000000008f9c000 	/System/Library/Frameworks/ExceptionHandling.framework/Versions/A/ExceptionHandling
0x0000000008f9c000 	/System/Library/PrivateFrameworks/CoreServicesInternal.framework/Versions/A/CoreServicesInternal
0x0000000008f9c000 	/System/Library/PrivateFrameworks/Librarian.framework/Versions/A/Librarian
0x0000000008f9c000 	/System/Library/Frameworks/CoreGraphics.framework/Versions/A/Resources/libCGCMS.A.dylib
0x0000000008f9c000 	/System/Library/Frameworks/CoreGraphics.framework/Versions/A/Resources/libRIP.A.dylib
0x0000000008f9c000 	/System/Library/Frameworks/CoreGraphics.framework/Versions/A/Resources/libCGXType.A.dylib
0x0000000008f9c000 	/System/Library/PrivateFrameworks/FamilyControls.framework/Versions/A/FamilyControls
0x0000000008f9c000 	/System/Library/PrivateFrameworks/CommerceKit.framework/Versions/A/Frameworks/CommerceCore.framework/Versions/A/CommerceCore
0x0000000008f9c000 	/System/Library/PrivateFrameworks/SystemAdministration.framework/Versions/A/SystemAdministration
0x0000000008f9c000 	/System/Library/Frameworks/DirectoryService.framework/Versions/A/DirectoryService
0x0000000008f9c000 	/System/Library/PrivateFrameworks/DiskImages.framework/Versions/A/DiskImages
0x0000000008f9c000 	/System/Library/PrivateFrameworks/LoginUIKit.framework/Versions/A/Frameworks/LoginUICore.framework/Versions/A/LoginUICore
0x0000000008f9c000 	/usr/lib/libCoreStorage.dylib
0x0000000008f9c000 	/usr/lib/libcsfde.dylib
0x0000000008f9c000 	/usr/lib/libodfde.dylib
0x0000000008f9c000 	/System/Library/Frameworks/DiscRecording.framework/Versions/A/DiscRecording
0x0000000008f9c000 	/usr/lib/libcurl.4.dylib
0x0000000008f9c000 	/System/Library/PrivateFrameworks/MediaKit.framework/Versions/A/MediaKit
0x0000000008f9c000 	/System/Library/PrivateFrameworks/EFILogin.framework/Versions/A/EFILogin
0x0000000008f9c000 	/usr/lib/libutil.dylib
0x0000000008f9c000 	/System/Library/PrivateFrameworks/AOSNotification.framework/Versions/A/AOSNotification
0x0000000008f9c000 	/System/Library/Frameworks/LDAP.framework/Versions/A/LDAP
0x0000000008f9c000 	/usr/lib/libsasl2.2.dylib
0x0000000008f9c000 	/usr/lib/libcrypto.0.9.8.dylib
0x0000000008f9c000 	/usr/lib/libssl.0.9.8.dylib
0x0000000110359000 	/Library/Java/JavaVirtualMachines/jdk1.7.0_79.jdk/Contents/Home/jre/lib/libfontmanager.dylib
0x00000001103c0000 	/private/var/folders/rn/4cwdxj2917x8tyvhwr7cymyc0000gn/T/libgdxomarfarooqi/f7649394/liblwjgl.dylib
0x000000010dbcf000 	/Library/Java/JavaVirtualMachines/jdk1.7.0_79.jdk/Contents/Home/jre/lib/libjawt.dylib
0x0000000110442000 	/var/folders/rn/4cwdxj2917x8tyvhwr7cymyc0000gn/T/libgdxomarfarooqi/f7649394/openal.dylib
0x000000011049e000 	/System/Library/Components/CoreAudio.component/Contents/MacOS/CoreAudio
0x000000010ea12000 	/System/Library/Extensions/AppleHDA.kext/Contents/PlugIns/AppleHDAHALPlugIn.bundle/Contents/MacOS/AppleHDAHALPlugIn
0x0000000008f9c000 	/System/Library/Frameworks/OpenGL.framework/Versions/A/Resources/GLEngine.bundle/GLEngine
0x0000000008f9c000 	/System/Library/Frameworks/OpenGL.framework/Versions/A/Libraries/libGLProgrammability.dylib
0x0000000000000000 	/System/Library/Extensions/AppleIntelHD4000GraphicsGLDriver.bundle/Contents/MacOS/AppleIntelHD4000GraphicsGLDriver
0x0000000008f9c000 	/System/Library/PrivateFrameworks/IOAccelerator.framework/Versions/A/IOAccelerator
0x0000000008f9c000 	/System/Library/PrivateFrameworks/GPUSupport.framework/Versions/A/Libraries/libGPUSupportMercury.dylib
0x0000000008f9c000 	/System/Library/Frameworks/OpenGL.framework/Versions/A/Resources/GLRendererFloat.bundle/GLRendererFloat
0x0000000008f9c000 	/System/Library/Frameworks/OpenCL.framework/Versions/A/Libraries/libcldcpuengine.dylib
0x000000011112e000 	cl_kernels
0x0000000111131000 	/System/Library/Frameworks/OpenCL.framework/Versions/A/Libraries/ImageFormats/unorm8_bgra.dylib
0x000000011125c000 	cl_kernels

VM Arguments:
jvm_args: -Dfile.encoding=UTF-8 
java_command: com.purgified.pixelhop.desktop.DesktopLauncher
Launcher Type: SUN_STANDARD

Environment Variables:
PATH=/usr/bin:/bin:/usr/sbin:/sbin
SHELL=/bin/bash
DISPLAY=/tmp/launch-QqYxgB/org.macosforge.xquartz:0

Signal Handlers:
SIGSEGV: [libjvm.dylib+0x52daf1], sa_mask[0]=0xfffefeff, sa_flags=0x00000043
SIGBUS: [libjvm.dylib+0x52daf1], sa_mask[0]=0xfffefeff, sa_flags=0x00000042
SIGFPE: [libjvm.dylib+0x41f34e], sa_mask[0]=0xfffefeff, sa_flags=0x00000042
SIGPIPE: [libjvm.dylib+0x41f34e], sa_mask[0]=0xfffefeff, sa_flags=0x00000042
SIGXFSZ: [libjvm.dylib+0x41f34e], sa_mask[0]=0xfffefeff, sa_flags=0x00000042
SIGILL: [libjvm.dylib+0x41f34e], sa_mask[0]=0xfffefeff, sa_flags=0x00000042
SIGUSR1: SIG_DFL, sa_mask[0]=0x00000000, sa_flags=0x00000002
SIGUSR2: [libjvm.dylib+0x41ee40], sa_mask[0]=0x00000004, sa_flags=0x00000042
SIGHUP: [libjvm.dylib+0x41d0d1], sa_mask[0]=0xfffefeff, sa_flags=0x00000042
SIGINT: [libjvm.dylib+0x41d0d1], sa_mask[0]=0xfffefeff, sa_flags=0x00000042
SIGTERM: [libjvm.dylib+0x41d0d1], sa_mask[0]=0xfffefeff, sa_flags=0x00000042
SIGQUIT: [libjvm.dylib+0x41d0d1], sa_mask[0]=0xfffefeff, sa_flags=0x00000042


---------------  S Y S T E M  ---------------

OS:Bsduname:Darwin 13.4.0 Darwin Kernel Version 13.4.0: Sun Aug 17 19:50:11 PDT 2014; root:xnu-2422.115.4~1/RELEASE_X86_64 x86_64
rlimit: STACK 8192k, CORE 0k, NPROC 709, NOFILE 10240, AS infinity
load average:3.70 2.69 2.14

CPU:total 4 (2 cores per cpu, 2 threads per core) family 6 model 58 stepping 9, cmov, cx8, fxsr, mmx, sse, sse2, sse3, ssse3, sse4.1, sse4.2, popcnt, avx, aes, erms, ht, tsc, tscinvbit, tscinv

Memory: 4k page, physical 8388608k(2097152k free)

/proc/meminfo:


vm_info: Java HotSpot(TM) 64-Bit Server VM (24.79-b02) for bsd-amd64 JRE (1.7.0_79-b15), built on Apr 10 2015 11:35:04 by "java_re" with gcc 4.2.1 (Based on Apple Inc. build 5658) (LLVM build 2336.11.00)

time: Sat Jul 11 18:12:26 2015
elapsed time: 14 seconds

